<?xml version="1.0" encoding="UTF-8"?>
<coverage generated="1515715987068" clover="3.2.0">
  <project timestamp="1515715987068" name="All files">
    <metrics statements="77" coveredstatements="77" conditionals="36" coveredconditionals="36" methods="10" coveredmethods="10" elements="123" coveredelements="123" complexity="0" loc="77" ncloc="77" packages="3" files="6" classes="6">
      <package name="echo-handler">
        <metrics statements="7" coveredstatements="7" conditionals="6" coveredconditionals="6" methods="2" coveredmethods="2"/>
        <file name="index.js" path="/home/jay/codeBase/npm/echo-handler/index.js">
          <metrics statements="7" coveredstatements="7" conditionals="6" coveredconditionals="6" methods="2" coveredmethods="2"/>
          <line num="1" count="1" type="stmt"/>
          <line num="2" count="1" type="stmt"/>
          <line num="5" count="3" type="cond" truecount="2" falsecount="0"/>
          <line num="8" count="1" type="stmt"/>
          <line num="10" count="3" type="stmt"/>
          <line num="18" count="3" type="stmt"/>
          <line num="19" count="3" type="cond" truecount="4" falsecount="0"/>
        </file>
      </package>
      <package name="echo-handler.lib">
        <metrics statements="49" coveredstatements="49" conditionals="20" coveredconditionals="20" methods="6" coveredmethods="6"/>
        <file name="CustomError.js" path="/home/jay/codeBase/npm/echo-handler/lib/CustomError.js">
          <metrics statements="8" coveredstatements="8" conditionals="0" coveredconditionals="0" methods="1" coveredmethods="1"/>
          <line num="1" count="3" type="stmt"/>
          <line num="2" count="3" type="stmt"/>
          <line num="4" count="3" type="stmt"/>
          <line num="6" count="3" type="stmt"/>
          <line num="7" count="3" type="stmt"/>
          <line num="8" count="11" type="stmt"/>
          <line num="10" count="3" type="stmt"/>
          <line num="14" count="3" type="stmt"/>
        </file>
        <file name="EchoHandler.js" path="/home/jay/codeBase/npm/echo-handler/lib/EchoHandler.js">
          <metrics statements="21" coveredstatements="21" conditionals="8" coveredconditionals="8" methods="2" coveredmethods="2"/>
          <line num="1" count="3" type="stmt"/>
          <line num="3" count="3" type="stmt"/>
          <line num="4" count="3" type="stmt"/>
          <line num="6" count="3" type="stmt"/>
          <line num="8" count="25" type="stmt"/>
          <line num="9" count="25" type="stmt"/>
          <line num="12" count="27" type="stmt"/>
          <line num="13" count="27" type="stmt"/>
          <line num="14" count="27" type="cond" truecount="2" falsecount="0"/>
          <line num="15" count="25" type="stmt"/>
          <line num="16" count="22" type="cond" truecount="2" falsecount="0"/>
          <line num="20" count="2" type="stmt"/>
          <line num="22" count="2" type="stmt"/>
          <line num="26" count="25" type="stmt"/>
          <line num="28" count="1" type="stmt"/>
          <line num="32" count="1" type="stmt"/>
          <line num="36" count="8" type="stmt"/>
          <line num="40" count="17" type="cond" truecount="2" falsecount="0"/>
          <line num="41" count="3" type="stmt"/>
          <line num="42" count="3" type="stmt"/>
          <line num="48" count="14" type="cond" truecount="2" falsecount="0"/>
        </file>
        <file name="EchoHandlerFactory.js" path="/home/jay/codeBase/npm/echo-handler/lib/EchoHandlerFactory.js">
          <metrics statements="20" coveredstatements="20" conditionals="12" coveredconditionals="12" methods="3" coveredmethods="3"/>
          <line num="1" count="2" type="stmt"/>
          <line num="3" count="2" type="stmt"/>
          <line num="4" count="2" type="stmt"/>
          <line num="6" count="2" type="stmt"/>
          <line num="8" count="11" type="stmt"/>
          <line num="9" count="11" type="stmt"/>
          <line num="12" count="8" type="stmt"/>
          <line num="13" count="8" type="cond" truecount="4" falsecount="0"/>
          <line num="14" count="7" type="cond" truecount="2" falsecount="0"/>
          <line num="15" count="6" type="cond" truecount="3" falsecount="0"/>
          <line num="17" count="4" type="stmt"/>
          <line num="19" count="1" type="stmt"/>
          <line num="21" count="1" type="stmt"/>
          <line num="23" count="1" type="stmt"/>
          <line num="24" count="1" type="stmt"/>
          <line num="25" count="4" type="cond" truecount="2" falsecount="0"/>
          <line num="28" count="11" type="stmt"/>
          <line num="29" count="44" type="stmt"/>
          <line num="32" count="11" type="stmt"/>
          <line num="34" count="8" type="stmt"/>
        </file>
      </package>
      <package name="echo-handler.lib.helpers">
        <metrics statements="21" coveredstatements="21" conditionals="10" coveredconditionals="10" methods="2" coveredmethods="2"/>
        <file name="EchoHandlerFactoryHelper.js" path="/home/jay/codeBase/npm/echo-handler/lib/helpers/EchoHandlerFactoryHelper.js">
          <metrics statements="9" coveredstatements="9" conditionals="0" coveredconditionals="0" methods="1" coveredmethods="1"/>
          <line num="1" count="2" type="stmt"/>
          <line num="3" count="2" type="stmt"/>
          <line num="4" count="2" type="stmt"/>
          <line num="6" count="2" type="stmt"/>
          <line num="8" count="11" type="stmt"/>
          <line num="10" count="1" type="stmt"/>
          <line num="12" count="1" type="stmt"/>
          <line num="16" count="16" type="stmt"/>
          <line num="17" count="16" type="stmt"/>
        </file>
        <file name="EchoHandlerHelper.js" path="/home/jay/codeBase/npm/echo-handler/lib/helpers/EchoHandlerHelper.js">
          <metrics statements="12" coveredstatements="12" conditionals="10" coveredconditionals="10" methods="1" coveredmethods="1"/>
          <line num="1" count="3" type="stmt"/>
          <line num="2" count="3" type="stmt"/>
          <line num="4" count="3" type="stmt"/>
          <line num="6" count="36" type="stmt"/>
          <line num="8" count="41" type="stmt"/>
          <line num="9" count="41" type="stmt"/>
          <line num="16" count="3" type="cond" truecount="5" falsecount="0"/>
          <line num="17" count="2" type="stmt"/>
          <line num="18" count="2" type="stmt"/>
          <line num="19" count="2" type="stmt"/>
          <line num="21" count="1" type="stmt"/>
          <line num="25" count="27" type="cond" truecount="3" falsecount="0"/>
        </file>
      </package>
    </metrics>
  </project>
</coverage>
