<?xml version="1.0" encoding="UTF-8"?>
<coverage generated="1508369232251" clover="3.2.0">
  <project timestamp="1508369232251" name="All files">
    <metrics statements="58" coveredstatements="58" conditionals="26" coveredconditionals="26" methods="18" coveredmethods="18" elements="102" coveredelements="102" complexity="0" loc="58" ncloc="58" packages="2" files="5" classes="5">
      <package name="echo-handler">
        <metrics statements="8" coveredstatements="8" conditionals="6" coveredconditionals="6" methods="2" coveredmethods="2"/>
        <file name="index.js" path="/home/jay/codeBase/npm/echo-handler/index.js">
          <metrics statements="8" coveredstatements="8" conditionals="6" coveredconditionals="6" methods="2" coveredmethods="2"/>
          <line num="1" count="1" type="stmt"/>
          <line num="2" count="1" type="stmt"/>
          <line num="3" count="1" type="stmt"/>
          <line num="6" count="3" type="cond" truecount="2" falsecount="0"/>
          <line num="8" count="1" type="stmt"/>
          <line num="10" count="3" type="stmt"/>
          <line num="18" count="3" type="stmt"/>
          <line num="19" count="3" type="cond" truecount="4" falsecount="0"/>
        </file>
      </package>
      <package name="echo-handler.lib">
        <metrics statements="50" coveredstatements="50" conditionals="20" coveredconditionals="20" methods="16" coveredmethods="16"/>
        <file name="EchoHandler.js" path="/home/jay/codeBase/npm/echo-handler/lib/EchoHandler.js">
          <metrics statements="19" coveredstatements="19" conditionals="7" coveredconditionals="7" methods="7" coveredmethods="7"/>
          <line num="1" count="3" type="stmt"/>
          <line num="3" count="3" type="stmt"/>
          <line num="4" count="16" type="stmt"/>
          <line num="5" count="16" type="stmt"/>
          <line num="6" count="21" type="stmt"/>
          <line num="7" count="21" type="stmt"/>
          <line num="8" count="21" type="cond" truecount="2" falsecount="0"/>
          <line num="9" count="20" type="stmt"/>
          <line num="10" count="17" type="cond" truecount="2" falsecount="0"/>
          <line num="14" count="1" type="stmt"/>
          <line num="16" count="1" type="stmt"/>
          <line num="20" count="16" type="stmt"/>
          <line num="21" count="21" type="cond" truecount="3" falsecount="0"/>
          <line num="26" count="16" type="stmt"/>
          <line num="27" count="1" type="stmt"/>
          <line num="29" count="16" type="stmt"/>
          <line num="30" count="7" type="stmt"/>
          <line num="32" count="16" type="stmt"/>
          <line num="33" count="13" type="stmt"/>
        </file>
        <file name="EchoHandlerFactory.js" path="/home/jay/codeBase/npm/echo-handler/lib/EchoHandlerFactory.js">
          <metrics statements="24" coveredstatements="24" conditionals="11" coveredconditionals="11" methods="6" coveredmethods="6"/>
          <line num="1" count="2" type="stmt"/>
          <line num="2" count="2" type="stmt"/>
          <line num="3" count="2" type="stmt"/>
          <line num="5" count="2" type="stmt"/>
          <line num="6" count="10" type="stmt"/>
          <line num="7" count="10" type="stmt"/>
          <line num="8" count="10" type="stmt"/>
          <line num="9" count="10" type="stmt"/>
          <line num="14" count="2" type="stmt"/>
          <line num="15" count="10" type="stmt"/>
          <line num="16" count="10" type="stmt"/>
          <line num="17" count="7" type="stmt"/>
          <line num="18" count="7" type="cond" truecount="4" falsecount="0"/>
          <line num="19" count="6" type="cond" truecount="2" falsecount="0"/>
          <line num="20" count="5" type="cond" truecount="2" falsecount="0"/>
          <line num="21" count="4" type="stmt"/>
          <line num="22" count="1" type="stmt"/>
          <line num="23" count="1" type="stmt"/>
          <line num="24" count="1" type="stmt"/>
          <line num="25" count="4" type="cond" truecount="2" falsecount="0"/>
          <line num="28" count="10" type="cond" truecount="1" falsecount="0"/>
          <line num="29" count="7" type="stmt"/>
          <line num="32" count="10" type="stmt"/>
          <line num="33" count="30" type="stmt"/>
        </file>
        <file name="defaultRegionalizer.js" path="/home/jay/codeBase/npm/echo-handler/lib/defaultRegionalizer.js">
          <metrics statements="3" coveredstatements="3" conditionals="0" coveredconditionals="0" methods="2" coveredmethods="2"/>
          <line num="1" count="2" type="stmt"/>
          <line num="2" count="1" type="stmt"/>
          <line num="4" count="1" type="stmt"/>
        </file>
        <file name="getHandlerMessagesPath.js" path="/home/jay/codeBase/npm/echo-handler/lib/getHandlerMessagesPath.js">
          <metrics statements="4" coveredstatements="4" conditionals="2" coveredconditionals="2" methods="1" coveredmethods="1"/>
          <line num="1" count="3" type="stmt"/>
          <line num="3" count="3" type="stmt"/>
          <line num="4" count="26" type="stmt"/>
          <line num="5" count="26" type="cond" truecount="2" falsecount="0"/>
        </file>
      </package>
    </metrics>
  </project>
</coverage>
