{"/home/jay/codeBase/node/echo-handler/echo-handler/index.js": {"path":"/home/jay/codeBase/node/echo-handler/echo-handler/index.js","statementMap":{"0":{"start":{"line":1,"column":28},"end":{"line":1,"column":64}},"1":{"start":{"line":2,"column":27},"end":{"line":2,"column":62}},"2":{"start":{"line":5,"column":2},"end":{"line":5,"column":46}},"3":{"start":{"line":7,"column":0},"end":{"line":19,"column":2}},"4":{"start":{"line":9,"column":20},"end":{"line":14,"column":5}},"5":{"start":{"line":16,"column":15},"end":{"line":16,"column":77}},"6":{"start":{"line":17,"column":4},"end":{"line":17,"column":40}}},"fnMap":{"0":{"name":"validateClientOptions","decl":{"start":{"line":4,"column":9},"end":{"line":4,"column":30}},"loc":{"start":{"line":4,"column":38},"end":{"line":6,"column":1}},"line":4},"1":{"name":"(anonymous_1)","decl":{"start":{"line":8,"column":13},"end":{"line":8,"column":14}},"loc":{"start":{"line":8,"column":32},"end":{"line":18,"column":3}},"line":8}},"branchMap":{"0":{"loc":{"start":{"line":5,"column":9},"end":{"line":5,"column":45}},"type":"cond-expr","locations":[{"start":{"line":5,"column":36},"end":{"line":5,"column":40}},{"start":{"line":5,"column":43},"end":{"line":5,"column":45}}],"line":5}},"s":{"0":1,"1":1,"2":2,"3":1,"4":2,"5":2,"6":2},"f":{"0":2,"1":2},"b":{"0":[1,1]},"_coverageSchema":"332fd63041d2c1bcb487cc26dd0d5f7d97098a6c","hash":"5e677818b444c77c78b76b12d8e7438335e9bd26"}
,"/home/jay/codeBase/node/echo-handler/echo-handler/lib/EchoHandler.js": {"path":"/home/jay/codeBase/node/echo-handler/echo-handler/lib/EchoHandler.js","statementMap":{"0":{"start":{"line":1,"column":30},"end":{"line":1,"column":65}},"1":{"start":{"line":3,"column":0},"end":{"line":35,"column":2}},"2":{"start":{"line":4,"column":14},"end":{"line":4,"column":50}},"3":{"start":{"line":5,"column":18},"end":{"line":18,"column":3}},"4":{"start":{"line":6,"column":4},"end":{"line":17,"column":5}},"5":{"start":{"line":7,"column":19},"end":{"line":7,"column":29}},"6":{"start":{"line":8,"column":6},"end":{"line":14,"column":66}},"7":{"start":{"line":9,"column":8},"end":{"line":13,"column":11}},"8":{"start":{"line":10,"column":10},"end":{"line":12,"column":20}},"9":{"start":{"line":14,"column":13},"end":{"line":14,"column":66}},"10":{"start":{"line":16,"column":6},"end":{"line":16,"column":23}},"11":{"start":{"line":20,"column":22},"end":{"line":24,"column":3}},"12":{"start":{"line":21,"column":4},"end":{"line":23,"column":32}},"13":{"start":{"line":26,"column":2},"end":{"line":28,"column":4}},"14":{"start":{"line":27,"column":4},"end":{"line":27,"column":44}},"15":{"start":{"line":29,"column":2},"end":{"line":31,"column":4}},"16":{"start":{"line":30,"column":4},"end":{"line":30,"column":34}},"17":{"start":{"line":32,"column":2},"end":{"line":34,"column":4}},"18":{"start":{"line":33,"column":4},"end":{"line":33,"column":44}}},"fnMap":{"0":{"name":"EchoHandler","decl":{"start":{"line":3,"column":26},"end":{"line":3,"column":37}},"loc":{"start":{"line":3,"column":57},"end":{"line":35,"column":1}},"line":3},"1":{"name":"(anonymous_1)","decl":{"start":{"line":5,"column":18},"end":{"line":5,"column":19}},"loc":{"start":{"line":5,"column":37},"end":{"line":18,"column":3}},"line":5},"2":{"name":"(anonymous_2)","decl":{"start":{"line":9,"column":46},"end":{"line":9,"column":47}},"loc":{"start":{"line":9,"column":65},"end":{"line":13,"column":9}},"line":9},"3":{"name":"(anonymous_3)","decl":{"start":{"line":20,"column":22},"end":{"line":20,"column":23}},"loc":{"start":{"line":20,"column":38},"end":{"line":24,"column":3}},"line":20},"4":{"name":"(anonymous_4)","decl":{"start":{"line":26,"column":13},"end":{"line":26,"column":14}},"loc":{"start":{"line":26,"column":32},"end":{"line":28,"column":3}},"line":26},"5":{"name":"(anonymous_5)","decl":{"start":{"line":29,"column":13},"end":{"line":29,"column":14}},"loc":{"start":{"line":29,"column":32},"end":{"line":31,"column":3}},"line":29},"6":{"name":"(anonymous_6)","decl":{"start":{"line":32,"column":15},"end":{"line":32,"column":16}},"loc":{"start":{"line":32,"column":34},"end":{"line":34,"column":3}},"line":32}},"branchMap":{"0":{"loc":{"start":{"line":8,"column":6},"end":{"line":14,"column":66}},"type":"if","locations":[{"start":{"line":8,"column":6},"end":{"line":14,"column":66}},{"start":{"line":8,"column":6},"end":{"line":14,"column":66}}],"line":8},"1":{"loc":{"start":{"line":10,"column":17},"end":{"line":12,"column":19}},"type":"cond-expr","locations":[{"start":{"line":11,"column":14},"end":{"line":11,"column":26}},{"start":{"line":12,"column":14},"end":{"line":12,"column":19}}],"line":10},"2":{"loc":{"start":{"line":21,"column":11},"end":{"line":23,"column":31}},"type":"binary-expr","locations":[{"start":{"line":21,"column":11},"end":{"line":21,"column":35}},{"start":{"line":22,"column":6},"end":{"line":22,"column":30}},{"start":{"line":23,"column":6},"end":{"line":23,"column":31}}],"line":21}},"s":{"0":3,"1":3,"2":11,"3":11,"4":17,"5":17,"6":17,"7":16,"8":17,"9":1,"10":1,"11":11,"12":17,"13":11,"14":1,"15":11,"16":5,"17":11,"18":11},"f":{"0":11,"1":17,"2":17,"3":17,"4":1,"5":5,"6":11},"b":{"0":[16,1],"1":[14,3],"2":[17,17,17]},"_coverageSchema":"332fd63041d2c1bcb487cc26dd0d5f7d97098a6c","hash":"16cbc0e4c1e6a890c76c9f5b19f0587a54d4da2d"}
,"/home/jay/codeBase/node/echo-handler/echo-handler/lib/EchoHandlerFactory.js": {"path":"/home/jay/codeBase/node/echo-handler/echo-handler/lib/EchoHandlerFactory.js","statementMap":{"0":{"start":{"line":1,"column":28},"end":{"line":1,"column":60}},"1":{"start":{"line":2,"column":20},"end":{"line":2,"column":44}},"2":{"start":{"line":3,"column":30},"end":{"line":3,"column":65}},"3":{"start":{"line":5,"column":23},"end":{"line":12,"column":1}},"4":{"start":{"line":6,"column":20},"end":{"line":6,"column":22}},"5":{"start":{"line":7,"column":2},"end":{"line":7,"column":35}},"6":{"start":{"line":8,"column":2},"end":{"line":8,"column":49}},"7":{"start":{"line":9,"column":2},"end":{"line":11,"column":19}},"8":{"start":{"line":14,"column":0},"end":{"line":35,"column":2}},"9":{"start":{"line":15,"column":15},"end":{"line":15,"column":35}},"10":{"start":{"line":16,"column":26},"end":{"line":26,"column":3}},"11":{"start":{"line":17,"column":4},"end":{"line":25,"column":86}},"12":{"start":{"line":18,"column":6},"end":{"line":24,"column":45}},"13":{"start":{"line":19,"column":8},"end":{"line":23,"column":43}},"14":{"start":{"line":20,"column":10},"end":{"line":22,"column":51}},"15":{"start":{"line":21,"column":12},"end":{"line":21,"column":90}},"16":{"start":{"line":22,"column":17},"end":{"line":22,"column":51}},"17":{"start":{"line":23,"column":15},"end":{"line":23,"column":43}},"18":{"start":{"line":24,"column":13},"end":{"line":24,"column":45}},"19":{"start":{"line":25,"column":18},"end":{"line":25,"column":84}},"20":{"start":{"line":28,"column":2},"end":{"line":30,"column":4}},"21":{"start":{"line":29,"column":4},"end":{"line":29,"column":62}},"22":{"start":{"line":32,"column":2},"end":{"line":34,"column":5}},"23":{"start":{"line":33,"column":4},"end":{"line":33,"column":73}},"24":{"start":{"line":33,"column":37},"end":{"line":33,"column":72}}},"fnMap":{"0":{"name":"(anonymous_0)","decl":{"start":{"line":5,"column":23},"end":{"line":5,"column":24}},"loc":{"start":{"line":5,"column":31},"end":{"line":12,"column":1}},"line":5},"1":{"name":"EchoHandlerFactory","decl":{"start":{"line":14,"column":26},"end":{"line":14,"column":44}},"loc":{"start":{"line":14,"column":52},"end":{"line":35,"column":1}},"line":14},"2":{"name":"(anonymous_2)","decl":{"start":{"line":16,"column":26},"end":{"line":16,"column":27}},"loc":{"start":{"line":16,"column":42},"end":{"line":26,"column":3}},"line":16},"3":{"name":"(anonymous_3)","decl":{"start":{"line":28,"column":14},"end":{"line":28,"column":15}},"loc":{"start":{"line":28,"column":42},"end":{"line":30,"column":3}},"line":28},"4":{"name":"(anonymous_4)","decl":{"start":{"line":32,"column":34},"end":{"line":32,"column":35}},"loc":{"start":{"line":32,"column":45},"end":{"line":34,"column":3}},"line":32},"5":{"name":"(anonymous_5)","decl":{"start":{"line":33,"column":18},"end":{"line":33,"column":19}},"loc":{"start":{"line":33,"column":37},"end":{"line":33,"column":72}},"line":33}},"branchMap":{"0":{"loc":{"start":{"line":18,"column":6},"end":{"line":24,"column":45}},"type":"if","locations":[{"start":{"line":18,"column":6},"end":{"line":24,"column":45}},{"start":{"line":18,"column":6},"end":{"line":24,"column":45}}],"line":18},"1":{"loc":{"start":{"line":18,"column":10},"end":{"line":18,"column":55}},"type":"binary-expr","locations":[{"start":{"line":18,"column":10},"end":{"line":18,"column":34}},{"start":{"line":18,"column":38},"end":{"line":18,"column":55}}],"line":18},"2":{"loc":{"start":{"line":19,"column":8},"end":{"line":23,"column":43}},"type":"if","locations":[{"start":{"line":19,"column":8},"end":{"line":23,"column":43}},{"start":{"line":19,"column":8},"end":{"line":23,"column":43}}],"line":19},"3":{"loc":{"start":{"line":20,"column":10},"end":{"line":22,"column":51}},"type":"if","locations":[{"start":{"line":20,"column":10},"end":{"line":22,"column":51}},{"start":{"line":20,"column":10},"end":{"line":22,"column":51}}],"line":20},"4":{"loc":{"start":{"line":25,"column":47},"end":{"line":25,"column":81}},"type":"cond-expr","locations":[{"start":{"line":25,"column":59},"end":{"line":25,"column":75}},{"start":{"line":25,"column":78},"end":{"line":25,"column":81}}],"line":25},"5":{"loc":{"start":{"line":28,"column":21},"end":{"line":28,"column":37}},"type":"default-arg","locations":[{"start":{"line":28,"column":28},"end":{"line":28,"column":37}}],"line":28}},"s":{"0":2,"1":2,"2":2,"3":2,"4":7,"5":7,"6":7,"7":7,"8":2,"9":7,"10":7,"11":6,"12":6,"13":5,"14":4,"15":3,"16":1,"17":1,"18":1,"19":4,"20":7,"21":6,"22":7,"23":21,"24":3},"f":{"0":7,"1":7,"2":6,"3":6,"4":21,"5":3},"b":{"0":[5,1],"1":[6,6],"2":[4,1],"3":[3,1],"4":[3,1],"5":[5]},"_coverageSchema":"332fd63041d2c1bcb487cc26dd0d5f7d97098a6c","hash":"cc9bea4d3d24864783ceda820e37e48e15a35e99"}
,"/home/jay/codeBase/node/echo-handler/echo-handler/lib/defaultRegionalizer.js": {"path":"/home/jay/codeBase/node/echo-handler/echo-handler/lib/defaultRegionalizer.js","statementMap":{"0":{"start":{"line":1,"column":0},"end":{"line":5,"column":2}},"1":{"start":{"line":2,"column":2},"end":{"line":4,"column":64}},"2":{"start":{"line":4,"column":27},"end":{"line":4,"column":60}}},"fnMap":{"0":{"name":"(anonymous_0)","decl":{"start":{"line":1,"column":17},"end":{"line":1,"column":18}},"loc":{"start":{"line":1,"column":37},"end":{"line":5,"column":1}},"line":1},"1":{"name":"(anonymous_1)","decl":{"start":{"line":4,"column":4},"end":{"line":4,"column":5}},"loc":{"start":{"line":4,"column":25},"end":{"line":4,"column":62}},"line":4}},"branchMap":{},"s":{"0":2,"1":1,"2":1},"f":{"0":1,"1":1},"b":{},"_coverageSchema":"332fd63041d2c1bcb487cc26dd0d5f7d97098a6c","hash":"eb952da295f78ccd971354a471caefeff58e50a3"}
,"/home/jay/codeBase/node/echo-handler/echo-handler/lib/getHandlerMessagesPath.js": {"path":"/home/jay/codeBase/node/echo-handler/echo-handler/lib/getHandlerMessagesPath.js","statementMap":{"0":{"start":{"line":1,"column":11},"end":{"line":1,"column":24}},"1":{"start":{"line":3,"column":0},"end":{"line":6,"column":1}},"2":{"start":{"line":4,"column":19},"end":{"line":4,"column":61}},"3":{"start":{"line":5,"column":2},"end":{"line":5,"column":79}}},"fnMap":{"0":{"name":"(anonymous_0)","decl":{"start":{"line":3,"column":17},"end":{"line":3,"column":18}},"loc":{"start":{"line":3,"column":25},"end":{"line":6,"column":1}},"line":3}},"branchMap":{"0":{"loc":{"start":{"line":5,"column":9},"end":{"line":5,"column":78}},"type":"cond-expr","locations":[{"start":{"line":5,"column":35},"end":{"line":5,"column":43}},{"start":{"line":5,"column":46},"end":{"line":5,"column":78}}],"line":5}},"s":{"0":3,"1":3,"2":18,"3":18},"f":{"0":18},"b":{"0":[0,18]},"_coverageSchema":"332fd63041d2c1bcb487cc26dd0d5f7d97098a6c","hash":"5aedf72ae020861ff276a64eb6a1b434ae9acadd"}
}
