{"/home/jay/codeBase/npm/echo-handler/index.js": {"path":"/home/jay/codeBase/npm/echo-handler/index.js","statementMap":{"0":{"start":{"line":1,"column":27},"end":{"line":1,"column":62}},"1":{"start":{"line":2,"column":20},"end":{"line":2,"column":48}},"2":{"start":{"line":5,"column":2},"end":{"line":5,"column":46}},"3":{"start":{"line":8,"column":0},"end":{"line":23,"column":2}},"4":{"start":{"line":10,"column":20},"end":{"line":16,"column":5}},"5":{"start":{"line":18,"column":15},"end":{"line":18,"column":77}},"6":{"start":{"line":19,"column":4},"end":{"line":21,"column":73}}},"fnMap":{"0":{"name":"validateClientOptions","decl":{"start":{"line":4,"column":9},"end":{"line":4,"column":30}},"loc":{"start":{"line":4,"column":38},"end":{"line":6,"column":1}},"line":4},"1":{"name":"(anonymous_1)","decl":{"start":{"line":9,"column":13},"end":{"line":9,"column":14}},"loc":{"start":{"line":9,"column":32},"end":{"line":22,"column":3}},"line":9}},"branchMap":{"0":{"loc":{"start":{"line":5,"column":9},"end":{"line":5,"column":45}},"type":"cond-expr","locations":[{"start":{"line":5,"column":36},"end":{"line":5,"column":40}},{"start":{"line":5,"column":43},"end":{"line":5,"column":45}}],"line":5},"1":{"loc":{"start":{"line":19,"column":11},"end":{"line":21,"column":72}},"type":"cond-expr","locations":[{"start":{"line":20,"column":8},"end":{"line":20,"column":32}},{"start":{"line":21,"column":8},"end":{"line":21,"column":72}}],"line":19},"2":{"loc":{"start":{"line":19,"column":12},"end":{"line":19,"column":77}},"type":"binary-expr","locations":[{"start":{"line":19,"column":12},"end":{"line":19,"column":33}},{"start":{"line":19,"column":37},"end":{"line":19,"column":77}}],"line":19}},"s":{"0":1,"1":1,"2":3,"3":1,"4":3,"5":3,"6":3},"f":{"0":3,"1":3},"b":{"0":[2,1],"1":[2,1],"2":[3,1]},"_coverageSchema":"332fd63041d2c1bcb487cc26dd0d5f7d97098a6c","hash":"e9711e23abb03ee8281c1298181b72ca8405e659"}
,"/home/jay/codeBase/npm/echo-handler/lib/CustomError.js": {"path":"/home/jay/codeBase/npm/echo-handler/lib/CustomError.js","statementMap":{"0":{"start":{"line":1,"column":26},"end":{"line":1,"column":56}},"1":{"start":{"line":2,"column":16},"end":{"line":2,"column":34}},"2":{"start":{"line":4,"column":20},"end":{"line":12,"column":2}},"3":{"start":{"line":6,"column":18},"end":{"line":6,"column":22}},"4":{"start":{"line":7,"column":4},"end":{"line":9,"column":7}},"5":{"start":{"line":8,"column":6},"end":{"line":8,"column":28}},"6":{"start":{"line":10,"column":4},"end":{"line":10,"column":28}},"7":{"start":{"line":14,"column":0},"end":{"line":14,"column":29}}},"fnMap":{"0":{"name":"(anonymous_0)","decl":{"start":{"line":7,"column":29},"end":{"line":7,"column":30}},"loc":{"start":{"line":7,"column":44},"end":{"line":9,"column":5}},"line":7}},"branchMap":{},"s":{"0":3,"1":3,"2":3,"3":3,"4":3,"5":11,"6":3,"7":3},"f":{"0":11},"b":{},"_coverageSchema":"332fd63041d2c1bcb487cc26dd0d5f7d97098a6c","hash":"d1cccab6bf08c7bee437f32f2466954ce6670375"}
,"/home/jay/codeBase/npm/echo-handler/lib/EchoHandler.js": {"path":"/home/jay/codeBase/npm/echo-handler/lib/EchoHandler.js","statementMap":{"0":{"start":{"line":1,"column":16},"end":{"line":1,"column":34}},"1":{"start":{"line":3,"column":20},"end":{"line":3,"column":44}},"2":{"start":{"line":4,"column":26},"end":{"line":4,"column":64}},"3":{"start":{"line":6,"column":0},"end":{"line":55,"column":3}},"4":{"start":{"line":8,"column":19},"end":{"line":8,"column":42}},"5":{"start":{"line":9,"column":20},"end":{"line":9,"column":52}},"6":{"start":{"line":12,"column":6},"end":{"line":23,"column":7}},"7":{"start":{"line":13,"column":21},"end":{"line":13,"column":31}},"8":{"start":{"line":14,"column":8},"end":{"line":20,"column":72}},"9":{"start":{"line":15,"column":10},"end":{"line":19,"column":13}},"10":{"start":{"line":16,"column":12},"end":{"line":18,"column":22}},"11":{"start":{"line":20,"column":15},"end":{"line":20,"column":72}},"12":{"start":{"line":22,"column":8},"end":{"line":22,"column":25}},"13":{"start":{"line":26,"column":4},"end":{"line":53,"column":7}},"14":{"start":{"line":28,"column":8},"end":{"line":28,"column":50}},"15":{"start":{"line":32,"column":8},"end":{"line":32,"column":48}},"16":{"start":{"line":36,"column":8},"end":{"line":36,"column":38}},"17":{"start":{"line":40,"column":8},"end":{"line":51,"column":9}},"18":{"start":{"line":41,"column":26},"end":{"line":41,"column":55}},"19":{"start":{"line":42,"column":10},"end":{"line":46,"column":16}},"20":{"start":{"line":48,"column":10},"end":{"line":50,"column":48}}},"fnMap":{"0":{"name":"getEcho","decl":{"start":{"line":11,"column":13},"end":{"line":11,"column":20}},"loc":{"start":{"line":11,"column":37},"end":{"line":24,"column":5}},"line":11},"1":{"name":"(anonymous_1)","decl":{"start":{"line":15,"column":48},"end":{"line":15,"column":49}},"loc":{"start":{"line":15,"column":67},"end":{"line":19,"column":11}},"line":15}},"branchMap":{"0":{"loc":{"start":{"line":14,"column":8},"end":{"line":20,"column":72}},"type":"if","locations":[{"start":{"line":14,"column":8},"end":{"line":20,"column":72}},{"start":{"line":14,"column":8},"end":{"line":20,"column":72}}],"line":14},"1":{"loc":{"start":{"line":16,"column":19},"end":{"line":18,"column":21}},"type":"cond-expr","locations":[{"start":{"line":17,"column":16},"end":{"line":17,"column":28}},{"start":{"line":18,"column":16},"end":{"line":18,"column":21}}],"line":16},"2":{"loc":{"start":{"line":40,"column":8},"end":{"line":51,"column":9}},"type":"if","locations":[{"start":{"line":40,"column":8},"end":{"line":51,"column":9}},{"start":{"line":40,"column":8},"end":{"line":51,"column":9}}],"line":40},"3":{"loc":{"start":{"line":48,"column":17},"end":{"line":50,"column":46}},"type":"cond-expr","locations":[{"start":{"line":49,"column":14},"end":{"line":49,"column":83}},{"start":{"line":50,"column":14},"end":{"line":50,"column":46}}],"line":48}},"s":{"0":3,"1":3,"2":3,"3":3,"4":25,"5":25,"6":27,"7":27,"8":27,"9":25,"10":22,"11":2,"12":2,"13":25,"14":1,"15":1,"16":8,"17":17,"18":3,"19":3,"20":14},"f":{"0":27,"1":22},"b":{"0":[25,2],"1":[19,3],"2":[3,14],"3":[1,13]},"_coverageSchema":"332fd63041d2c1bcb487cc26dd0d5f7d97098a6c","hash":"886739b595b09bcefa442a72b2e3c71063d6f3de"}
,"/home/jay/codeBase/npm/echo-handler/lib/EchoHandlerFactory.js": {"path":"/home/jay/codeBase/npm/echo-handler/lib/EchoHandlerFactory.js","statementMap":{"0":{"start":{"line":1,"column":16},"end":{"line":1,"column":34}},"1":{"start":{"line":3,"column":20},"end":{"line":3,"column":44}},"2":{"start":{"line":4,"column":33},"end":{"line":4,"column":78}},"3":{"start":{"line":6,"column":0},"end":{"line":38,"column":3}},"4":{"start":{"line":8,"column":19},"end":{"line":8,"column":49}},"5":{"start":{"line":9,"column":17},"end":{"line":9,"column":40}},"6":{"start":{"line":12,"column":6},"end":{"line":25,"column":88}},"7":{"start":{"line":13,"column":8},"end":{"line":24,"column":47}},"8":{"start":{"line":14,"column":10},"end":{"line":23,"column":45}},"9":{"start":{"line":15,"column":12},"end":{"line":22,"column":13}},"10":{"start":{"line":17,"column":16},"end":{"line":17,"column":94}},"11":{"start":{"line":19,"column":16},"end":{"line":19,"column":103}},"12":{"start":{"line":21,"column":16},"end":{"line":21,"column":50}},"13":{"start":{"line":23,"column":17},"end":{"line":23,"column":45}},"14":{"start":{"line":24,"column":15},"end":{"line":24,"column":47}},"15":{"start":{"line":25,"column":20},"end":{"line":25,"column":86}},"16":{"start":{"line":28,"column":4},"end":{"line":30,"column":7}},"17":{"start":{"line":29,"column":6},"end":{"line":29,"column":94}},"18":{"start":{"line":29,"column":39},"end":{"line":29,"column":93}},"19":{"start":{"line":32,"column":4},"end":{"line":36,"column":7}},"20":{"start":{"line":34,"column":8},"end":{"line":34,"column":78}}},"fnMap":{"0":{"name":"i18nRequirement","decl":{"start":{"line":11,"column":13},"end":{"line":11,"column":28}},"loc":{"start":{"line":11,"column":42},"end":{"line":26,"column":5}},"line":11},"1":{"name":"(anonymous_1)","decl":{"start":{"line":28,"column":45},"end":{"line":28,"column":46}},"loc":{"start":{"line":28,"column":56},"end":{"line":30,"column":5}},"line":28},"2":{"name":"(anonymous_2)","decl":{"start":{"line":29,"column":20},"end":{"line":29,"column":21}},"loc":{"start":{"line":29,"column":39},"end":{"line":29,"column":93}},"line":29}},"branchMap":{"0":{"loc":{"start":{"line":13,"column":8},"end":{"line":24,"column":47}},"type":"if","locations":[{"start":{"line":13,"column":8},"end":{"line":24,"column":47}},{"start":{"line":13,"column":8},"end":{"line":24,"column":47}}],"line":13},"1":{"loc":{"start":{"line":13,"column":12},"end":{"line":13,"column":57}},"type":"binary-expr","locations":[{"start":{"line":13,"column":12},"end":{"line":13,"column":36}},{"start":{"line":13,"column":40},"end":{"line":13,"column":57}}],"line":13},"2":{"loc":{"start":{"line":14,"column":10},"end":{"line":23,"column":45}},"type":"if","locations":[{"start":{"line":14,"column":10},"end":{"line":23,"column":45}},{"start":{"line":14,"column":10},"end":{"line":23,"column":45}}],"line":14},"3":{"loc":{"start":{"line":15,"column":12},"end":{"line":22,"column":13}},"type":"switch","locations":[{"start":{"line":16,"column":14},"end":{"line":17,"column":94}},{"start":{"line":18,"column":14},"end":{"line":19,"column":103}},{"start":{"line":20,"column":14},"end":{"line":21,"column":50}}],"line":15},"4":{"loc":{"start":{"line":25,"column":49},"end":{"line":25,"column":83}},"type":"cond-expr","locations":[{"start":{"line":25,"column":61},"end":{"line":25,"column":77}},{"start":{"line":25,"column":80},"end":{"line":25,"column":83}}],"line":25},"5":{"loc":{"start":{"line":33,"column":18},"end":{"line":33,"column":34}},"type":"default-arg","locations":[{"start":{"line":33,"column":25},"end":{"line":33,"column":34}}],"line":33}},"s":{"0":2,"1":2,"2":2,"3":2,"4":11,"5":11,"6":8,"7":8,"8":7,"9":6,"10":4,"11":1,"12":1,"13":1,"14":1,"15":4,"16":11,"17":44,"18":5,"19":11,"20":8},"f":{"0":8,"1":44,"2":5},"b":{"0":[7,1],"1":[8,8],"2":[6,1],"3":[4,1,1],"4":[3,1],"5":[6]},"_coverageSchema":"332fd63041d2c1bcb487cc26dd0d5f7d97098a6c","hash":"858fdeff64bcd0cdadd727e54873c3561159f51e"}
,"/home/jay/codeBase/npm/echo-handler/lib/helpers/EchoHandlerFactoryHelper.js": {"path":"/home/jay/codeBase/npm/echo-handler/lib/helpers/EchoHandlerFactoryHelper.js","statementMap":{"0":{"start":{"line":1,"column":16},"end":{"line":1,"column":34}},"1":{"start":{"line":3,"column":20},"end":{"line":3,"column":45}},"2":{"start":{"line":4,"column":26},"end":{"line":4,"column":56}},"3":{"start":{"line":6,"column":0},"end":{"line":23,"column":3}},"4":{"start":{"line":8,"column":4},"end":{"line":21,"column":7}},"5":{"start":{"line":10,"column":8},"end":{"line":12,"column":70}},"6":{"start":{"line":12,"column":33},"end":{"line":12,"column":66}},"7":{"start":{"line":16,"column":36},"end":{"line":16,"column":60}},"8":{"start":{"line":17,"column":8},"end":{"line":19,"column":68}}},"fnMap":{"0":{"name":"(anonymous_0)","decl":{"start":{"line":12,"column":10},"end":{"line":12,"column":11}},"loc":{"start":{"line":12,"column":31},"end":{"line":12,"column":68}},"line":12}},"branchMap":{},"s":{"0":2,"1":2,"2":2,"3":2,"4":11,"5":1,"6":1,"7":16,"8":16},"f":{"0":1},"b":{},"_coverageSchema":"332fd63041d2c1bcb487cc26dd0d5f7d97098a6c","hash":"1da30bd1fa0257c675cf4bc0e200d6da14d05fdf"}
,"/home/jay/codeBase/npm/echo-handler/lib/helpers/EchoHandlerHelper.js": {"path":"/home/jay/codeBase/npm/echo-handler/lib/helpers/EchoHandlerHelper.js","statementMap":{"0":{"start":{"line":1,"column":11},"end":{"line":1,"column":24}},"1":{"start":{"line":2,"column":16},"end":{"line":2,"column":34}},"2":{"start":{"line":4,"column":0},"end":{"line":31,"column":3}},"3":{"start":{"line":6,"column":4},"end":{"line":29,"column":7}},"4":{"start":{"line":8,"column":23},"end":{"line":8,"column":99}},"5":{"start":{"line":9,"column":8},"end":{"line":12,"column":47}},"6":{"start":{"line":16,"column":8},"end":{"line":21,"column":25}},"7":{"start":{"line":17,"column":26},"end":{"line":17,"column":63}},"8":{"start":{"line":18,"column":10},"end":{"line":20,"column":13}},"9":{"start":{"line":19,"column":12},"end":{"line":19,"column":27}},"10":{"start":{"line":21,"column":15},"end":{"line":21,"column":25}},"11":{"start":{"line":25,"column":8},"end":{"line":27,"column":36}}},"fnMap":{"0":{"name":"(anonymous_0)","decl":{"start":{"line":18,"column":39},"end":{"line":18,"column":40}},"loc":{"start":{"line":18,"column":58},"end":{"line":20,"column":11}},"line":18}},"branchMap":{"0":{"loc":{"start":{"line":10,"column":10},"end":{"line":12,"column":45}},"type":"cond-expr","locations":[{"start":{"line":11,"column":12},"end":{"line":11,"column":20}},{"start":{"line":12,"column":12},"end":{"line":12,"column":45}}],"line":10},"1":{"loc":{"start":{"line":16,"column":8},"end":{"line":21,"column":25}},"type":"if","locations":[{"start":{"line":16,"column":8},"end":{"line":21,"column":25}},{"start":{"line":16,"column":8},"end":{"line":21,"column":25}}],"line":16},"2":{"loc":{"start":{"line":16,"column":12},"end":{"line":16,"column":42}},"type":"binary-expr","locations":[{"start":{"line":16,"column":12},"end":{"line":16,"column":16}},{"start":{"line":16,"column":20},"end":{"line":16,"column":31}},{"start":{"line":16,"column":35},"end":{"line":16,"column":42}}],"line":16},"3":{"loc":{"start":{"line":25,"column":15},"end":{"line":27,"column":35}},"type":"binary-expr","locations":[{"start":{"line":25,"column":15},"end":{"line":25,"column":39}},{"start":{"line":26,"column":10},"end":{"line":26,"column":34}},{"start":{"line":27,"column":10},"end":{"line":27,"column":35}}],"line":25}},"s":{"0":3,"1":3,"2":3,"3":36,"4":41,"5":41,"6":3,"7":2,"8":2,"9":2,"10":1,"11":27},"f":{"0":2},"b":{"0":[29,12],"1":[2,1],"2":[3,2,2],"3":[27,26,25]},"_coverageSchema":"332fd63041d2c1bcb487cc26dd0d5f7d97098a6c","hash":"05da2383058c7a7aa129ae25713707e92f11ed81"}
}
