TN:
SF:/home/jay/codeBase/npm/echo-handler/index.js
FN:4,validateClientOptions
FN:9,(anonymous_1)
FNF:2
FNH:2
FNDA:3,validateClientOptions
FNDA:3,(anonymous_1)
DA:1,1
DA:2,1
DA:5,3
DA:8,1
DA:10,3
DA:18,3
DA:19,3
LF:7
LH:7
BRDA:5,0,0,2
BRDA:5,0,1,1
BRDA:19,1,0,2
BRDA:19,1,1,1
BRDA:19,2,0,3
BRDA:19,2,1,1
BRF:6
BRH:6
end_of_record
TN:
SF:/home/jay/codeBase/npm/echo-handler/lib/CustomError.js
FN:7,(anonymous_0)
FNF:1
FNH:1
FNDA:11,(anonymous_0)
DA:1,3
DA:2,3
DA:4,3
DA:6,3
DA:7,3
DA:8,11
DA:10,3
DA:14,3
LF:8
LH:8
BRF:0
BRH:0
end_of_record
TN:
SF:/home/jay/codeBase/npm/echo-handler/lib/EchoHandler.js
FN:11,getEcho
FN:15,(anonymous_1)
FNF:2
FNH:2
FNDA:27,getEcho
FNDA:22,(anonymous_1)
DA:1,3
DA:3,3
DA:4,3
DA:6,3
DA:8,25
DA:9,25
DA:12,27
DA:13,27
DA:14,27
DA:15,25
DA:16,22
DA:20,2
DA:22,2
DA:26,25
DA:28,1
DA:32,1
DA:36,8
DA:40,17
DA:41,3
DA:42,3
DA:48,14
LF:21
LH:21
BRDA:14,0,0,25
BRDA:14,0,1,2
BRDA:16,1,0,19
BRDA:16,1,1,3
BRDA:40,2,0,3
BRDA:40,2,1,14
BRDA:48,3,0,1
BRDA:48,3,1,13
BRF:8
BRH:8
end_of_record
TN:
SF:/home/jay/codeBase/npm/echo-handler/lib/EchoHandlerFactory.js
FN:11,i18nRequirement
FN:28,(anonymous_1)
FN:29,(anonymous_2)
FNF:3
FNH:3
FNDA:8,i18nRequirement
FNDA:44,(anonymous_1)
FNDA:5,(anonymous_2)
DA:1,2
DA:3,2
DA:4,2
DA:6,2
DA:8,11
DA:9,11
DA:12,8
DA:13,8
DA:14,7
DA:15,6
DA:17,4
DA:19,1
DA:21,1
DA:23,1
DA:24,1
DA:25,4
DA:28,11
DA:29,44
DA:32,11
DA:34,8
LF:20
LH:20
BRDA:13,0,0,7
BRDA:13,0,1,1
BRDA:13,1,0,8
BRDA:13,1,1,8
BRDA:14,2,0,6
BRDA:14,2,1,1
BRDA:15,3,0,4
BRDA:15,3,1,1
BRDA:15,3,2,1
BRDA:25,4,0,3
BRDA:25,4,1,1
BRDA:33,5,0,6
BRF:12
BRH:12
end_of_record
TN:
SF:/home/jay/codeBase/npm/echo-handler/lib/helpers/EchoHandlerFactoryHelper.js
FN:12,(anonymous_0)
FNF:1
FNH:1
FNDA:1,(anonymous_0)
DA:1,2
DA:3,2
DA:4,2
DA:6,2
DA:8,11
DA:10,1
DA:12,1
DA:16,16
DA:17,16
LF:9
LH:9
BRF:0
BRH:0
end_of_record
TN:
SF:/home/jay/codeBase/npm/echo-handler/lib/helpers/EchoHandlerHelper.js
FN:18,(anonymous_0)
FNF:1
FNH:1
FNDA:2,(anonymous_0)
DA:1,3
DA:2,3
DA:4,3
DA:6,36
DA:8,41
DA:9,41
DA:16,3
DA:17,2
DA:18,2
DA:19,2
DA:21,1
DA:25,27
LF:12
LH:12
BRDA:10,0,0,29
BRDA:10,0,1,12
BRDA:16,1,0,2
BRDA:16,1,1,1
BRDA:16,2,0,3
BRDA:16,2,1,2
BRDA:16,2,2,2
BRDA:25,3,0,27
BRDA:25,3,1,26
BRDA:25,3,2,25
BRF:10
BRH:10
end_of_record
