TN:
SF:/home/jay/codeBase/node/echo-handler/echo-handler/index.js
FN:4,validateClientOptions
FN:8,(anonymous_1)
FNF:2
FNH:2
FNDA:2,validateClientOptions
FNDA:2,(anonymous_1)
DA:1,1
DA:2,1
DA:5,2
DA:7,1
DA:9,2
DA:16,2
DA:17,2
LF:7
LH:7
BRDA:5,0,0,1
BRDA:5,0,1,1
BRF:2
BRH:2
end_of_record
TN:
SF:/home/jay/codeBase/node/echo-handler/echo-handler/lib/EchoHandler.js
FN:3,EchoHandler
FN:5,(anonymous_1)
FN:9,(anonymous_2)
FN:20,(anonymous_3)
FN:26,(anonymous_4)
FN:29,(anonymous_5)
FN:32,(anonymous_6)
FNF:7
FNH:7
FNDA:11,EchoHandler
FNDA:17,(anonymous_1)
FNDA:17,(anonymous_2)
FNDA:17,(anonymous_3)
FNDA:1,(anonymous_4)
FNDA:5,(anonymous_5)
FNDA:11,(anonymous_6)
DA:1,3
DA:3,3
DA:4,11
DA:5,11
DA:6,17
DA:7,17
DA:8,17
DA:9,16
DA:10,17
DA:14,1
DA:16,1
DA:20,11
DA:21,17
DA:26,11
DA:27,1
DA:29,11
DA:30,5
DA:32,11
DA:33,11
LF:19
LH:19
BRDA:8,0,0,16
BRDA:8,0,1,1
BRDA:10,1,0,14
BRDA:10,1,1,3
BRDA:21,2,0,17
BRDA:21,2,1,17
BRDA:21,2,2,17
BRF:7
BRH:7
end_of_record
TN:
SF:/home/jay/codeBase/node/echo-handler/echo-handler/lib/EchoHandlerFactory.js
FN:5,(anonymous_0)
FN:14,EchoHandlerFactory
FN:16,(anonymous_2)
FN:28,(anonymous_3)
FN:32,(anonymous_4)
FN:33,(anonymous_5)
FNF:6
FNH:6
FNDA:7,(anonymous_0)
FNDA:7,EchoHandlerFactory
FNDA:6,(anonymous_2)
FNDA:6,(anonymous_3)
FNDA:21,(anonymous_4)
FNDA:3,(anonymous_5)
DA:1,2
DA:2,2
DA:3,2
DA:5,2
DA:6,7
DA:7,7
DA:8,7
DA:9,7
DA:14,2
DA:15,7
DA:16,7
DA:17,6
DA:18,6
DA:19,5
DA:20,4
DA:21,3
DA:22,1
DA:23,1
DA:24,1
DA:25,4
DA:28,7
DA:29,6
DA:32,7
DA:33,21
LF:24
LH:24
BRDA:18,0,0,5
BRDA:18,0,1,1
BRDA:18,1,0,6
BRDA:18,1,1,6
BRDA:19,2,0,4
BRDA:19,2,1,1
BRDA:20,3,0,3
BRDA:20,3,1,1
BRDA:25,4,0,3
BRDA:25,4,1,1
BRDA:28,5,0,5
BRF:11
BRH:11
end_of_record
TN:
SF:/home/jay/codeBase/node/echo-handler/echo-handler/lib/defaultRegionalizer.js
FN:1,(anonymous_0)
FN:4,(anonymous_1)
FNF:2
FNH:2
FNDA:1,(anonymous_0)
FNDA:1,(anonymous_1)
DA:1,2
DA:2,1
DA:4,1
LF:3
LH:3
BRF:0
BRH:0
end_of_record
TN:
SF:/home/jay/codeBase/node/echo-handler/echo-handler/lib/getHandlerMessagesPath.js
FN:3,(anonymous_0)
FNF:1
FNH:1
FNDA:18,(anonymous_0)
DA:1,3
DA:3,3
DA:4,18
DA:5,18
LF:4
LH:4
BRDA:5,0,0,0
BRDA:5,0,1,18
BRF:2
BRH:1
end_of_record
